{"level":"info","time":"2025-05-16T00:52:57.604+0800","caller":"Project/main.go:112","msg":"新增标记点","id":4,"latitude":30.454826,"longitude":114.390478}
{"level":"info","time":"2025-05-16T00:53:29.750+0800","caller":"Project/main.go:112","msg":"新增标记点","id":5,"latitude":30.454876,"longitude":114.390003}
{"level":"info","time":"2025-05-16T01:01:23.723+0800","caller":"Project/main.go:277","msg":"删除图片成功","marker_id":"5","filename":"IMG_20250515_143848.jpg"}
{"level":"info","time":"2025-05-16T01:01:32.755+0800","caller":"Project/main.go:155","msg":"更新标记点","id":"5","latitude":30.454876,"longitude":114.390003}
{"level":"info","time":"2025-05-16T01:01:52.570+0800","caller":"Project/main.go:155","msg":"更新标记点","id":"5","latitude":30.454876,"longitude":114.390003}
{"level":"info","time":"2025-05-16T01:01:58.967+0800","caller":"Project/main.go:155","msg":"更新标记点","id":"5","latitude":30.46,"longitude":114.390003}
{"level":"info","time":"2025-05-16T01:36:53.987+0800","caller":"Project/main.go:155","msg":"更新标记点","id":"4","latitude":30.454826,"longitude":114.390478}
{"level":"info","time":"2025-05-16T08:50:20.142+0800","caller":"mapproject/main.go:112","msg":"新增标记点","id":6,"latitude":30.454826,"longitude":114.390446}
{"level":"info","time":"2025-05-16T08:50:51.437+0800","caller":"mapproject/main.go:112","msg":"新增标记点","id":7,"latitude":30.454888,"longitude":114.390003}
{"level":"info","time":"2025-05-16T08:51:12.056+0800","caller":"mapproject/main.go:112","msg":"新增标记点","id":8,"latitude":30.455657,"longitude":114.389751}
{"level":"info","time":"2025-05-16T08:51:39.507+0800","caller":"mapproject/main.go:112","msg":"新增标记点","id":9,"latitude":30.455778,"longitude":114.389031}
{"level":"info","time":"2025-05-16T08:52:36.112+0800","caller":"mapproject/main.go:112","msg":"新增标记点","id":10,"latitude":30.455217,"longitude":114.389588}
{"level":"info","time":"2025-05-16T08:52:46.465+0800","caller":"mapproject/main.go:112","msg":"新增标记点","id":11,"latitude":30.455073,"longitude":114.389423}
{"level":"info","time":"2025-05-16T08:52:57.300+0800","caller":"mapproject/main.go:112","msg":"新增标记点","id":12,"latitude":30.454935,"longitude":114.389244}
{"level":"info","time":"2025-05-16T08:53:17.189+0800","caller":"mapproject/main.go:112","msg":"新增标记点","id":13,"latitude":30.4555,"longitude":114.389159}
{"level":"info","time":"2025-05-16T08:53:36.444+0800","caller":"mapproject/main.go:112","msg":"新增标记点","id":14,"latitude":30.454875,"longitude":114.389023}
{"level":"info","time":"2025-05-16T08:54:02.028+0800","caller":"mapproject/main.go:112","msg":"新增标记点","id":15,"latitude":30.454683,"longitude":114.38913}
{"level":"info","time":"2025-05-16T08:54:33.974+0800","caller":"mapproject/main.go:112","msg":"新增标记点","id":16,"latitude":30.454063,"longitude":114.389095}
{"level":"info","time":"2025-05-16T08:54:50.142+0800","caller":"mapproject/main.go:112","msg":"新增标记点","id":17,"latitude":30.453865,"longitude":114.389151}
{"level":"info","time":"2025-05-16T08:55:01.138+0800","caller":"mapproject/main.go:112","msg":"新增标记点","id":18,"latitude":30.454237,"longitude":114.389319}
{"level":"info","time":"2025-05-16T08:55:11.379+0800","caller":"mapproject/main.go:112","msg":"新增标记点","id":19,"latitude":30.45407,"longitude":114.389716}
{"level":"info","time":"2025-05-16T08:55:21.486+0800","caller":"mapproject/main.go:112","msg":"新增标记点","id":20,"latitude":30.454198,"longitude":114.388728}
{"level":"info","time":"2025-05-16T08:55:35.024+0800","caller":"mapproject/main.go:112","msg":"新增标记点","id":21,"latitude":30.453303,"longitude":114.388863}
{"level":"info","time":"2025-05-16T08:55:55.555+0800","caller":"mapproject/main.go:112","msg":"新增标记点","id":22,"latitude":30.453229,"longitude":114.389383}
{"level":"info","time":"2025-05-16T08:56:12.988+0800","caller":"mapproject/main.go:112","msg":"新增标记点","id":23,"latitude":30.452997,"longitude":114.390363}
{"level":"info","time":"2025-05-16T08:56:22.700+0800","caller":"mapproject/main.go:112","msg":"新增标记点","id":24,"latitude":30.452451,"longitude":114.387955}
{"level":"info","time":"2025-05-16T08:56:33.904+0800","caller":"mapproject/main.go:112","msg":"新增标记点","id":25,"latitude":30.453929,"longitude":114.389409}
{"level":"info","time":"2025-05-16T08:56:40.708+0800","caller":"mapproject/main.go:112","msg":"新增标记点","id":26,"latitude":30.453755,"longitude":114.390041}
{"level":"info","time":"2025-05-16T08:56:53.975+0800","caller":"mapproject/main.go:112","msg":"新增标记点","id":27,"latitude":30.45452,"longitude":114.389803}
{"level":"info","time":"2025-05-16T08:57:51.922+0800","caller":"mapproject/main.go:112","msg":"新增标记点","id":28,"latitude":30.451972,"longitude":114.390473}
{"level":"info","time":"2025-05-16T08:58:13.788+0800","caller":"mapproject/main.go:112","msg":"新增标记点","id":29,"latitude":30.451967,"longitude":114.390594}
{"level":"info","time":"2025-05-16T08:58:35.517+0800","caller":"mapproject/main.go:112","msg":"新增标记点","id":30,"latitude":30.454875,"longitude":114.390573}
{"level":"info","time":"2025-05-16T09:03:50.975+0800","caller":"mapproject/main.go:112","msg":"新增标记点","id":31,"latitude":30.455705,"longitude":114.391397}
{"level":"info","time":"2025-05-16T09:04:41.237+0800","caller":"mapproject/main.go:155","msg":"更新标记点","id":"31","latitude":30.455705,"longitude":114.391397}
{"level":"info","time":"2025-05-16T09:04:51.224+0800","caller":"mapproject/main.go:155","msg":"更新标记点","id":"31","latitude":30.455705,"longitude":114.391397}
{"level":"info","time":"2025-05-16T09:05:02.785+0800","caller":"mapproject/main.go:155","msg":"更新标记点","id":"31","latitude":30.455705,"longitude":114.391397}
{"level":"info","time":"2025-05-16T09:05:19.370+0800","caller":"mapproject/main.go:155","msg":"更新标记点","id":"31","latitude":30.455705,"longitude":114.391397}
{"level":"info","time":"2025-05-16T09:05:47.426+0800","caller":"mapproject/main.go:155","msg":"更新标记点","id":"31","latitude":30.455705,"longitude":114.391397}
{"level":"info","time":"2025-05-16T09:06:12.213+0800","caller":"mapproject/main.go:112","msg":"新增标记点","id":32,"latitude":30.455705,"longitude":114.391402}
{"level":"info","time":"2025-05-16T09:06:25.328+0800","caller":"mapproject/main.go:112","msg":"新增标记点","id":33,"latitude":30.455703,"longitude":114.39139}
{"level":"info","time":"2025-05-16T09:06:54.029+0800","caller":"mapproject/main.go:112","msg":"新增标记点","id":34,"latitude":30.455709,"longitude":114.391385}
{"level":"info","time":"2025-05-16T09:08:32.310+0800","caller":"mapproject/main.go:112","msg":"新增标记点","id":35,"latitude":30.455713,"longitude":114.391395}
{"level":"info","time":"2025-05-16T09:10:22.702+0800","caller":"mapproject/main.go:112","msg":"新增标记点","id":36,"latitude":30.455195,"longitude":114.391598}
{"level":"info","time":"2025-05-16T09:12:11.343+0800","caller":"mapproject/main.go:112","msg":"新增标记点","id":37,"latitude":30.454929,"longitude":114.391154}
{"level":"info","time":"2025-05-16T09:14:55.717+0800","caller":"mapproject/main.go:112","msg":"新增标记点","id":38,"latitude":30.454887,"longitude":114.390412}
{"level":"info","time":"2025-05-16T09:16:49.960+0800","caller":"mapproject/main.go:112","msg":"新增标记点","id":39,"latitude":30.455645,"longitude":114.389746}
{"level":"info","time":"2025-05-16T09:17:26.886+0800","caller":"mapproject/main.go:112","msg":"新增标记点","id":40,"latitude":30.455644,"longitude":114.389738}
{"level":"info","time":"2025-05-16T09:18:02.519+0800","caller":"mapproject/main.go:112","msg":"新增标记点","id":41,"latitude":30.455495,"longitude":114.392479}
{"level":"info","time":"2025-05-16T09:18:23.069+0800","caller":"mapproject/main.go:112","msg":"新增标记点","id":42,"latitude":30.451982,"longitude":114.390444}
{"level":"info","time":"2025-05-16T09:18:38.061+0800","caller":"mapproject/main.go:112","msg":"新增标记点","id":43,"latitude":30.451977,"longitude":114.39062}
{"level":"info","time":"2025-05-16T09:19:14.847+0800","caller":"mapproject/main.go:112","msg":"新增标记点","id":44,"latitude":30.455269,"longitude":114.393101}
{"level":"info","time":"2025-05-16T09:20:24.831+0800","caller":"mapproject/main.go:112","msg":"新增标记点","id":45,"latitude":30.453772,"longitude":114.393876}
{"level":"info","time":"2025-05-16T09:22:01.777+0800","caller":"mapproject/main.go:112","msg":"新增标记点","id":46,"latitude":30.454297,"longitude":114.39362}
{"level":"info","time":"2025-05-16T09:24:10.140+0800","caller":"mapproject/main.go:112","msg":"新增标记点","id":47,"latitude":30.451782,"longitude":114.39502}
{"level":"info","time":"2025-05-16T09:27:09.024+0800","caller":"mapproject/main.go:112","msg":"新增标记点","id":48,"latitude":30.452242,"longitude":114.394298}
{"level":"info","time":"2025-05-16T09:31:00.405+0800","caller":"mapproject/main.go:112","msg":"新增标记点","id":49,"latitude":30.452523,"longitude":114.393515}
{"level":"info","time":"2025-05-16T09:31:54.149+0800","caller":"mapproject/main.go:112","msg":"新增标记点","id":50,"latitude":30.452499,"longitude":114.393576}
{"level":"info","time":"2025-05-16T09:34:03.262+0800","caller":"mapproject/main.go:112","msg":"新增标记点","id":51,"latitude":30.451722,"longitude":114.394049}
{"level":"info","time":"2025-05-16T09:34:24.968+0800","caller":"mapproject/main.go:112","msg":"新增标记点","id":52,"latitude":30.452003,"longitude":114.393319}
{"level":"info","time":"2025-05-16T09:37:04.952+0800","caller":"mapproject/main.go:112","msg":"新增标记点","id":53,"latitude":30.452861,"longitude":114.392785}
{"level":"info","time":"2025-05-16T09:37:28.388+0800","caller":"mapproject/main.go:112","msg":"新增标记点","id":54,"latitude":30.452854,"longitude":114.392732}
{"level":"info","time":"2025-05-16T09:38:19.144+0800","caller":"mapproject/main.go:112","msg":"新增标记点","id":55,"latitude":30.452302,"longitude":114.392467}
{"level":"info","time":"2025-05-16T09:38:31.966+0800","caller":"mapproject/main.go:112","msg":"新增标记点","id":56,"latitude":30.452717,"longitude":114.392614}
{"level":"info","time":"2025-05-16T09:40:24.862+0800","caller":"mapproject/main.go:112","msg":"新增标记点","id":57,"latitude":30.453416,"longitude":114.39314}
{"level":"info","time":"2025-05-16T09:41:21.544+0800","caller":"mapproject/main.go:112","msg":"新增标记点","id":58,"latitude":30.453522,"longitude":114.393425}
{"level":"info","time":"2025-05-16T09:42:57.335+0800","caller":"mapproject/main.go:112","msg":"新增标记点","id":59,"latitude":30.452615,"longitude":114.391697}
{"level":"info","time":"2025-05-16T09:43:05.439+0800","caller":"mapproject/main.go:112","msg":"新增标记点","id":60,"latitude":30.452762,"longitude":114.391681}
{"level":"info","time":"2025-05-16T09:45:03.287+0800","caller":"mapproject/main.go:112","msg":"新增标记点","id":61,"latitude":30.453708,"longitude":114.391778}
{"level":"info","time":"2025-05-16T09:47:00.286+0800","caller":"mapproject/main.go:112","msg":"新增标记点","id":62,"latitude":30.454866,"longitude":114.39217}
{"level":"info","time":"2025-05-16T09:48:26.607+0800","caller":"mapproject/main.go:112","msg":"新增标记点","id":63,"latitude":30.454761,"longitude":114.391848}
{"level":"info","time":"2025-05-16T09:53:37.288+0800","caller":"mapproject/main.go:112","msg":"新增标记点","id":64,"latitude":30.455654,"longitude":114.392861}
{"level":"info","time":"2025-05-16T09:53:53.295+0800","caller":"mapproject/main.go:112","msg":"新增标记点","id":65,"latitude":30.455334,"longitude":114.392103}
{"level":"info","time":"2025-05-16T09:54:07.689+0800","caller":"mapproject/main.go:155","msg":"更新标记点","id":"64","latitude":30.455654,"longitude":114.392861}
{"level":"info","time":"2025-05-16T09:54:13.501+0800","caller":"mapproject/main.go:155","msg":"更新标记点","id":"65","latitude":30.455334,"longitude":114.392103}
{"level":"info","time":"2025-05-16T09:54:31.158+0800","caller":"mapproject/main.go:112","msg":"新增标记点","id":66,"latitude":30.454719,"longitude":114.393395}
{"level":"info","time":"2025-05-16T09:56:46.461+0800","caller":"mapproject/main.go:112","msg":"新增标记点","id":67,"latitude":30.454238,"longitude":114.391764}
{"level":"info","time":"2025-05-16T10:01:38.250+0800","caller":"mapproject/main.go:112","msg":"新增标记点","id":68,"latitude":30.454051,"longitude":114.39143}
{"level":"info","time":"2025-05-16T10:02:04.768+0800","caller":"mapproject/main.go:112","msg":"新增标记点","id":69,"latitude":30.453721,"longitude":114.391577}
{"level":"info","time":"2025-05-16T10:02:48.305+0800","caller":"mapproject/main.go:112","msg":"新增标记点","id":70,"latitude":30.453935,"longitude":114.391092}
{"level":"info","time":"2025-05-16T10:13:33.169+0800","caller":"mapproject/main.go:155","msg":"更新标记点","id":"67","latitude":30.454238,"longitude":114.391764}
{"level":"info","time":"2025-05-16T10:13:39.312+0800","caller":"mapproject/main.go:155","msg":"更新标记点","id":"68","latitude":30.454051,"longitude":114.39143}
{"level":"info","time":"2025-05-16T10:13:44.294+0800","caller":"mapproject/main.go:155","msg":"更新标记点","id":"70","latitude":30.453935,"longitude":114.391092}
{"level":"info","time":"2025-05-16T10:13:52.215+0800","caller":"mapproject/main.go:155","msg":"更新标记点","id":"69","latitude":30.453721,"longitude":114.391577}
{"level":"info","time":"2025-05-16T10:14:17.483+0800","caller":"mapproject/main.go:112","msg":"新增标记点","id":71,"latitude":30.453474,"longitude":114.391545}
